13:44:39 **** Incremental Build of configuration Nios II for project 723_Frequency_Relay ****
make all 
/usr/bin/sh: line 0: cd: H:/Documents/GitHub/723-FrequencyRelay/Nios2Files/: No such file or directory
Info: Building C:\COMPSYS723_Projects\723-FrequencyRelay\niosProject\software\723_Frequency_Relay_bsp
C:/intelFPGA_lite/18.1/nios2eds/bin/gnu/H-x86_64-mingw32/bin/make --no-print-directory -C C:\COMPSYS723_Projects\723-FrequencyRelay\niosProject\software\723_Frequency_Relay_bsp
[BSP build complete]
Info: Compiling src/main.c to obj/default/src/main.o
nios2-elf-gcc -xc -MP -MMD -c -IC:\COMPSYS723_Projects\723-FrequencyRelay\niosProject\software\723_Frequency_Relay_bsp/HAL/inc -IC:\COMPSYS723_Projects\723-FrequencyRelay\niosProject\software\723_Frequency_Relay_bsp -IC:\COMPSYS723_Projects\723-FrequencyRelay\niosProject\software\723_Frequency_Relay_bsp/drivers/inc -IC:\COMPSYS723_Projects\723-FrequencyRelay\niosProject\software\723_Frequency_Relay_bsp/../723_Frequency_Relay/  -pipe -D__hal__ -DALT_NO_INSTRUCTION_EMULATION -DALT_SINGLE_THREADED    -O0 -g -Wall   -mhw-div -mhw-mul -mno-hw-mulx -mgpopt=global  -o obj/default/src/main.o src/main.c
src/main.c: In function 'main':
src/main.c:28:3: warning: implicit declaration of function 'printf' [-Wimplicit-function-declaration]
   printf("Could not register Frequency Analyser ISR\n");
   ^
src/main.c:28:3: warning: incompatible implicit declaration of built-in function 'printf'
src/main.c:28:3: note: include '<stdio.h>' or provide a declaration of 'printf'
src/main.c:33:3: warning: incompatible implicit declaration of built-in function 'printf'
   printf("Could not start Peak Detector Task");
   ^
src/main.c:33:3: note: include '<stdio.h>' or provide a declaration of 'printf'
src/main.c:38:3: warning: incompatible implicit declaration of built-in function 'printf'
   printf("Could not start Load Control Task");
   ^
src/main.c:38:3: note: include '<stdio.h>' or provide a declaration of 'printf'
src/main.c:41:3: warning: incompatible implicit declaration of built-in function 'printf'
   printf("Could not start Load Control Task");
   ^
src/main.c:41:3: note: include '<stdio.h>' or provide a declaration of 'printf'
In file included from c:\compsys723_projects\723-frequencyrelay\niosproject\software\723_frequency_relay\inc\load_control.h:18:0,
                 from src/main.c:15:
src/main.c: At top level:
c:\compsys723_projects\723-frequencyrelay\niosproject\software\723_frequency_relay\inc\switch_polling.h:12:13: warning: 'Switch_Polling_handlerTask' declared 'static' but never defined [-Wunused-function]
 static void Switch_Polling_handlerTask(void *pvParameters);
             ^
Info: Linking 723_Frequency_Relay.elf
nios2-elf-g++  -T'C:\COMPSYS723_Projects\723-FrequencyRelay\niosProject\software\723_Frequency_Relay_bsp/linker.x' -msys-crt0='C:\COMPSYS723_Projects\723-FrequencyRelay\niosProject\software\723_Frequency_Relay_bsp/obj/HAL/src/crt0.o' -msys-lib=hal_bsp -LC:\COMPSYS723_Projects\723-FrequencyRelay\niosProject\software\723_Frequency_Relay_bsp   -Wl,-Map=723_Frequency_Relay.map   -O0 -g -Wall   -mhw-div -mhw-mul -mno-hw-mulx -mgpopt=global  -o 723_Frequency_Relay.elf obj/default/FreeRTOS/croutine.o obj/default/FreeRTOS/event_groups.o obj/default/FreeRTOS/heap.o obj/default/FreeRTOS/list.o obj/default/FreeRTOS/port.o obj/default/FreeRTOS/queue.o obj/default/FreeRTOS/tasks.o obj/default/FreeRTOS/timers.o obj/default/src/frequency_analyser.o obj/default/src/load_control.o obj/default/src/main.o obj/default/src/peak_detector.o obj/default/src/switch_polling.o obj/default/src/timer.o obj/default/FreeRTOS/port_asm.o -lm -msys-lib=m
nios2-elf-insert 723_Frequency_Relay.elf --thread_model hal --cpu_name nios2 --qsys true --simulation_enabled false --id 7 --sidp 0x430f0 --timestamp 1393900972 --stderr_dev jtag_uart --stdin_dev jtag_uart --stdout_dev jtag_uart --sopc_system_name nios2 --quartus_project_dir "C:/COMPSYS723_Projects/723-FrequencyRelay/niosProject/software/723_Frequency_Relay" --sopcinfo C:/COMPSYS723_Projects/723-FrequencyRelay/Nios2Files/nios2.sopcinfo
Info: (723_Frequency_Relay.elf) 613 KBytes program size (code + initialized data).
Info:                           130561 KBytes free for stack + heap.
Info: Creating 723_Frequency_Relay.objdump
nios2-elf-objdump --disassemble --syms --all-header --source 723_Frequency_Relay.elf >723_Frequency_Relay.objdump
[723_Frequency_Relay build complete]

13:44:42 Build Finished (took 2s.907ms)

