18:36:10 **** Incremental Build of configuration Nios II for project 723_Frequency_Relay ****
make all 
/usr/bin/sh: line 0: cd: H:/Documents/GitHub/723-FrequencyRelay/Nios2Files/: No such file or directory
Info: Building C:\COMPSYS723_Projects\723-FrequencyRelay\niosProject\software\723_Frequency_Relay_bsp
C:/intelFPGA_lite/18.1/nios2eds/bin/gnu/H-x86_64-mingw32/bin/make --no-print-directory -C C:\COMPSYS723_Projects\723-FrequencyRelay\niosProject\software\723_Frequency_Relay_bsp
[BSP build complete]
Info: Compiling src/load_control.c to obj/default/src/load_control.o
nios2-elf-gcc -xc -MP -MMD -c -IC:\COMPSYS723_Projects\723-FrequencyRelay\niosProject\software\723_Frequency_Relay_bsp/HAL/inc -IC:\COMPSYS723_Projects\723-FrequencyRelay\niosProject\software\723_Frequency_Relay_bsp -IC:\COMPSYS723_Projects\723-FrequencyRelay\niosProject\software\723_Frequency_Relay_bsp/drivers/inc -IC:\COMPSYS723_Projects\723-FrequencyRelay\niosProject\software\723_Frequency_Relay_bsp/../723_Frequency_Relay/  -pipe -D__hal__ -DALT_NO_INSTRUCTION_EMULATION -DALT_SINGLE_THREADED    -O0 -g -Wall   -mhw-div -mhw-mul -mno-hw-mulx -mgpopt=global  -o obj/default/src/load_control.o src/load_control.c
src/load_control.c: In function 'Load_Control_handlerTask':
src/load_control.c:38:13: warning: implicit declaration of function 'printf' [-Wimplicit-function-declaration]
             printf("Action: %d\n", action);
             ^
src/load_control.c:38:13: warning: incompatible implicit declaration of built-in function 'printf'
src/load_control.c:38:13: note: include '<stdio.h>' or provide a declaration of 'printf'
Info: Compiling src/switch_polling.c to obj/default/src/switch_polling.o
nios2-elf-gcc -xc -MP -MMD -c -IC:\COMPSYS723_Projects\723-FrequencyRelay\niosProject\software\723_Frequency_Relay_bsp/HAL/inc -IC:\COMPSYS723_Projects\723-FrequencyRelay\niosProject\software\723_Frequency_Relay_bsp -IC:\COMPSYS723_Projects\723-FrequencyRelay\niosProject\software\723_Frequency_Relay_bsp/drivers/inc -IC:\COMPSYS723_Projects\723-FrequencyRelay\niosProject\software\723_Frequency_Relay_bsp/../723_Frequency_Relay/  -pipe -D__hal__ -DALT_NO_INSTRUCTION_EMULATION -DALT_SINGLE_THREADED    -O0 -g -Wall   -mhw-div -mhw-mul -mno-hw-mulx -mgpopt=global  -o obj/default/src/switch_polling.o src/switch_polling.c
Info: Linking 723_Frequency_Relay.elf
nios2-elf-g++  -T'C:\COMPSYS723_Projects\723-FrequencyRelay\niosProject\software\723_Frequency_Relay_bsp/linker.x' -msys-crt0='C:\COMPSYS723_Projects\723-FrequencyRelay\niosProject\software\723_Frequency_Relay_bsp/obj/HAL/src/crt0.o' -msys-lib=hal_bsp -LC:\COMPSYS723_Projects\723-FrequencyRelay\niosProject\software\723_Frequency_Relay_bsp   -Wl,-Map=723_Frequency_Relay.map   -O0 -g -Wall   -mhw-div -mhw-mul -mno-hw-mulx -mgpopt=global  -o 723_Frequency_Relay.elf obj/default/FreeRTOS/croutine.o obj/default/FreeRTOS/event_groups.o obj/default/FreeRTOS/heap.o obj/default/FreeRTOS/list.o obj/default/FreeRTOS/port.o obj/default/FreeRTOS/queue.o obj/default/FreeRTOS/tasks.o obj/default/FreeRTOS/timers.o obj/default/src/frequency_analyser.o obj/default/src/load_control.o obj/default/src/main.o obj/default/src/peak_detector.o obj/default/src/switch_polling.o obj/default/src/timer.o obj/default/FreeRTOS/port_asm.o -lm -msys-lib=m
nios2-elf-insert 723_Frequency_Relay.elf --thread_model hal --cpu_name nios2 --qsys true --simulation_enabled false --id 7 --sidp 0x430f0 --timestamp 1393900972 --stderr_dev jtag_uart --stdin_dev jtag_uart --stdout_dev jtag_uart --sopc_system_name nios2 --quartus_project_dir "C:/COMPSYS723_Projects/723-FrequencyRelay/niosProject/software/723_Frequency_Relay" --sopcinfo C:/COMPSYS723_Projects/723-FrequencyRelay/Nios2Files/nios2.sopcinfo
Info: (723_Frequency_Relay.elf) 613 KBytes program size (code + initialized data).
Info:                           130561 KBytes free for stack + heap.
Info: Creating 723_Frequency_Relay.objdump
nios2-elf-objdump --disassemble --syms --all-header --source 723_Frequency_Relay.elf >723_Frequency_Relay.objdump
make: *** Deleting file `723_Frequency_Relay.objdump'
Command canceled
18:36:18 **** Build of configuration Nios II for project 723_Frequency_Relay ****
make all 
/usr/bin/sh: line 0: cd: H:/Documents/GitHub/723-FrequencyRelay/Nios2Files/: No such file or directory
Info: Building C:\COMPSYS723_Projects\723-FrequencyRelay\niosProject\software\723_Frequency_Relay_bsp
C:/intelFPGA_lite/18.1/nios2eds/bin/gnu/H-x86_64-mingw32/bin/make --no-print-directory -C C:\COMPSYS723_Projects\723-FrequencyRelay\niosProject\software\723_Frequency_Relay_bsp
[BSP build complete]
[723_Frequency_Relay build complete]
18:36:20 **** Incremental Build of configuration Nios II for project 723_Frequency_Relay ****
make all 
/usr/bin/sh: line 0: cd: H:/Documents/GitHub/723-FrequencyRelay/Nios2Files/: No such file or directory
Info: Building C:\COMPSYS723_Projects\723-FrequencyRelay\niosProject\software\723_Frequency_Relay_bsp
C:/intelFPGA_lite/18.1/nios2eds/bin/gnu/H-x86_64-mingw32/bin/make --no-print-directory -C C:\COMPSYS723_Projects\723-FrequencyRelay\niosProject\software\723_Frequency_Relay_bsp
[BSP build complete]
[723_Frequency_Relay build complete]
